<?xml version="1.0" encoding="UTF-8"?>
<!-- Generated by org.testng.reporters.JUnitReportReporter -->
<testsuite skipped="0" hostname="DESKTOP-M362J98" name="com.testng1.SampleClass2" tests="2" failures="0" timestamp="19 Feb 2022 11:52:06 GMT" time="0.019" errors="0">
  <testcase name="testdata" time="0.013" classname="com.testng1.SampleClass2"/>
  <testcase name="testdata1" time="0.006" classname="com.testng1.SampleClass2"/>
</testsuite> <!-- com.testng1.SampleClass2 -->
