<?xml version="1.0" encoding="UTF-8"?>
<!-- Generated by org.testng.reporters.JUnitReportReporter -->
<testsuite skipped="0" hostname="DESKTOP-M362J98" name="com.testng.SampleClass1" tests="1" failures="0" timestamp="19 Feb 2022 11:54:25 GMT" time="0.031" errors="0">
  <testcase name="testdata1" time="0.031" classname="com.testng.SampleClass1"/>
</testsuite> <!-- com.testng.SampleClass1 -->
