<?xml version="1.0" encoding="UTF-8"?>
<!-- Generated by org.testng.reporters.JUnitReportReporter -->
<testsuite skipped="0" hostname="DESKTOP-M362J98" name="com.testng.SampleClass3" tests="2" failures="0" timestamp="19 Feb 2022 11:57:43 GMT" time="0.013" errors="0">
  <testcase name="testdata1" time="0.008" classname="com.testng.SampleClass3"/>
  <testcase name="testdata2" time="0.005" classname="com.testng.SampleClass3"/>
</testsuite> <!-- com.testng.SampleClass3 -->
